build/app/intermediates/manifest_merge_blame_file/debug/manifest-merger-blame-debug-report.txt
1<?xml version="1.0" encoding="utf-8"?>
2<manifest xmlns:android="http://schemas.android.com/apk/res/android"
3    package="com.example.flutter_firestore_example"
4    android:versionCode="1"
5    android:versionName="1.0.0" >
6
7    <uses-sdk
8        android:minSdkVersion="21"
9        android:targetSdkVersion="30" />
10    <!--
11         Flutter needs it to communicate with the running application
12         to allow setting breakpoints, to provide hot reload, etc.
13    -->
14    <uses-permission android:name="android.permission.INTERNET" />
14-->src/debug/AndroidManifest.xml:6:5-66
14-->src/debug/AndroidManifest.xml:6:22-64
15    <uses-permission android:name="android.permission.ACCESS_FINE_LOCATION" />
15-->src/main/AndroidManifest.xml:3:7-4:64
15-->src/main/AndroidManifest.xml:4:7-61
16    <uses-permission android:name="android.permission.ACCESS_COARSE_LOCATION" />
16-->src/main/AndroidManifest.xml:5:6-81
16-->src/main/AndroidManifest.xml:5:23-79
17    <uses-permission android:name="android.permission.ACCESS_BACKGROUND_LOCATION" />
17-->src/main/AndroidManifest.xml:6:5-85
17-->src/main/AndroidManifest.xml:6:22-82
18    <uses-permission android:name="android.permission.WAKE_LOCK" />
18-->[:firebase_messaging] AndroidManifest.xml:8:5-68
18-->[:firebase_messaging] AndroidManifest.xml:8:22-65
19    <uses-permission android:name="android.permission.ACCESS_NETWORK_STATE" />
19-->[:firebase_messaging] AndroidManifest.xml:9:5-79
19-->[:firebase_messaging] AndroidManifest.xml:9:22-76
20
21    <queries>
21-->[:flutter_inappwebview] AndroidManifest.xml:7:5-11:15
22        <intent>
22-->[:flutter_inappwebview] AndroidManifest.xml:8:9-10:18
23            <action android:name="android.support.customtabs.action.CustomTabsService" />
23-->[:flutter_inappwebview] AndroidManifest.xml:9:13-90
23-->[:flutter_inappwebview] AndroidManifest.xml:9:21-87
24        </intent>
25    </queries> <!-- Required by older versions of Google Play services to create IID tokens -->
26    <uses-permission android:name="com.google.android.c2dm.permission.RECEIVE" />
26-->[com.google.firebase:firebase-messaging:22.0.0] AndroidManifest.xml:25:5-82
26-->[com.google.firebase:firebase-messaging:22.0.0] AndroidManifest.xml:25:22-79
27
28    <uses-feature
28-->[com.google.android.gms:play-services-maps:17.0.0] AndroidManifest.xml:26:5-28:35
29        android:glEsVersion="0x00020000"
29-->[com.google.android.gms:play-services-maps:17.0.0] AndroidManifest.xml:27:9-41
30        android:required="true" />
30-->[com.google.android.gms:play-services-maps:17.0.0] AndroidManifest.xml:28:9-32
31
32    <application
32-->src/main/AndroidManifest.xml:8:4-49:19
33        android:appComponentFactory="androidx.core.app.CoreComponentFactory"
33-->[androidx.core:core:1.3.0] AndroidManifest.xml:24:18-86
34        android:debuggable="true"
35        android:icon="@mipmap/ic_launcher"
35-->src/main/AndroidManifest.xml:10:9-43
36        android:label="flutter_firestore_example" >
36-->src/main/AndroidManifest.xml:9:9-50
37        <meta-data
37-->src/main/AndroidManifest.xml:12:9-13:72
38            android:name="com.google.android.geo.API_KEY"
38-->src/main/AndroidManifest.xml:12:20-65
39            android:value="AIzaSyCPwEaeU8VQj1bdD1Y3LIdEMbg3Wv3EekI" />
39-->src/main/AndroidManifest.xml:13:15-70
40
41        <activity
41-->src/main/AndroidManifest.xml:15:9-43:20
42            android:name="com.example.flutter_firestore_example.MainActivity"
42-->src/main/AndroidManifest.xml:16:13-41
43            android:configChanges="orientation|keyboardHidden|keyboard|screenSize|smallestScreenSize|locale|layoutDirection|fontScale|screenLayout|density|uiMode"
43-->src/main/AndroidManifest.xml:19:13-163
44            android:hardwareAccelerated="true"
44-->src/main/AndroidManifest.xml:20:13-47
45            android:launchMode="singleTop"
45-->src/main/AndroidManifest.xml:17:13-43
46            android:theme="@style/LaunchTheme"
46-->src/main/AndroidManifest.xml:18:13-47
47            android:windowSoftInputMode="adjustResize" >
47-->src/main/AndroidManifest.xml:21:13-55
48
49            <!--
50                 Specifies an Android theme to apply to this Activity as soon as
51                 the Android process has started. This theme is visible to the user
52                 while the Flutter UI initializes. After that, this theme continues
53                 to determine the Window background behind the Flutter UI.
54            -->
55            <meta-data
55-->src/main/AndroidManifest.xml:26:13-29:17
56                android:name="io.flutter.embedding.android.NormalTheme"
56-->src/main/AndroidManifest.xml:27:15-70
57                android:resource="@style/NormalTheme" />
57-->src/main/AndroidManifest.xml:28:15-52
58            <!--
59                 Displays an Android View that continues showing the launch screen
60                 Drawable until Flutter paints its first frame, then this splash
61                 screen fades out. A splash screen is useful to avoid any visual
62                 gap between the end of Android's launch screen and the painting of
63                 Flutter's first frame.
64            -->
65            <meta-data
65-->src/main/AndroidManifest.xml:35:13-38:17
66                android:name="io.flutter.embedding.android.SplashScreenDrawable"
66-->src/main/AndroidManifest.xml:36:15-79
67                android:resource="@drawable/launch_background" />
67-->src/main/AndroidManifest.xml:37:15-61
68
69            <intent-filter>
69-->src/main/AndroidManifest.xml:39:13-42:29
70                <action android:name="android.intent.action.MAIN" />
70-->src/main/AndroidManifest.xml:40:17-68
70-->src/main/AndroidManifest.xml:40:25-66
71
72                <category android:name="android.intent.category.LAUNCHER" />
72-->src/main/AndroidManifest.xml:41:17-76
72-->src/main/AndroidManifest.xml:41:27-74
73            </intent-filter>
74        </activity>
75        <!--
76             Don't delete the meta-data below.
77             This is used by the Flutter tool to generate GeneratedPluginRegistrant.java
78        -->
79        <meta-data
79-->src/main/AndroidManifest.xml:46:9-48:33
80            android:name="flutterEmbedding"
80-->src/main/AndroidManifest.xml:47:13-44
81            android:value="2" />
81-->src/main/AndroidManifest.xml:48:13-30
82
83        <service
83-->[:cloud_firestore] AndroidManifest.xml:8:9-12:19
84            android:name="com.google.firebase.components.ComponentDiscoveryService"
84-->[:cloud_firestore] AndroidManifest.xml:8:18-89
85            android:directBootAware="true"
85-->[com.google.firebase:firebase-common:20.0.0] AndroidManifest.xml:35:13-43
86            android:exported="false" >
86-->[com.google.firebase:firebase-firestore:23.0.1] AndroidManifest.xml:19:13-37
87            <meta-data
87-->[:cloud_firestore] AndroidManifest.xml:9:13-11:85
88                android:name="com.google.firebase.components:io.flutter.plugins.firebase.firestore.FlutterFirebaseFirestoreRegistrar"
88-->[:cloud_firestore] AndroidManifest.xml:10:17-134
89                android:value="com.google.firebase.components.ComponentRegistrar" />
89-->[:cloud_firestore] AndroidManifest.xml:11:17-82
90            <meta-data
90-->[:firebase_messaging] AndroidManifest.xml:34:13-36:85
91                android:name="com.google.firebase.components:io.flutter.plugins.firebase.messaging.FlutterFirebaseAppRegistrar"
91-->[:firebase_messaging] AndroidManifest.xml:35:17-128
92                android:value="com.google.firebase.components.ComponentRegistrar" />
92-->[:firebase_messaging] AndroidManifest.xml:36:17-82
93            <meta-data
93-->[:firebase_core] AndroidManifest.xml:9:13-11:85
94                android:name="com.google.firebase.components:io.flutter.plugins.firebase.core.FlutterFirebaseCoreRegistrar"
94-->[:firebase_core] AndroidManifest.xml:10:17-124
95                android:value="com.google.firebase.components.ComponentRegistrar" />
95-->[:firebase_core] AndroidManifest.xml:11:17-82
96            <meta-data
96-->[com.google.firebase:firebase-firestore:23.0.1] AndroidManifest.xml:20:13-22:85
97                android:name="com.google.firebase.components:com.google.firebase.firestore.FirestoreRegistrar"
97-->[com.google.firebase:firebase-firestore:23.0.1] AndroidManifest.xml:21:17-111
98                android:value="com.google.firebase.components.ComponentRegistrar" />
98-->[com.google.firebase:firebase-firestore:23.0.1] AndroidManifest.xml:22:17-82
99            <meta-data
99-->[com.google.firebase:firebase-messaging:22.0.0] AndroidManifest.xml:52:13-54:85
100                android:name="com.google.firebase.components:com.google.firebase.messaging.FirebaseMessagingRegistrar"
100-->[com.google.firebase:firebase-messaging:22.0.0] AndroidManifest.xml:53:17-119
101                android:value="com.google.firebase.components.ComponentRegistrar" />
101-->[com.google.firebase:firebase-messaging:22.0.0] AndroidManifest.xml:54:17-82
102            <meta-data
102-->[com.google.firebase:firebase-datatransport:18.0.0] AndroidManifest.xml:28:13-30:85
103                android:name="com.google.firebase.components:com.google.firebase.datatransport.TransportRegistrar"
103-->[com.google.firebase:firebase-datatransport:18.0.0] AndroidManifest.xml:29:17-115
104                android:value="com.google.firebase.components.ComponentRegistrar" />
104-->[com.google.firebase:firebase-datatransport:18.0.0] AndroidManifest.xml:30:17-82
105            <meta-data
105-->[com.google.firebase:firebase-installations:17.0.0] AndroidManifest.xml:18:13-20:85
106                android:name="com.google.firebase.components:com.google.firebase.installations.FirebaseInstallationsRegistrar"
106-->[com.google.firebase:firebase-installations:17.0.0] AndroidManifest.xml:19:17-127
107                android:value="com.google.firebase.components.ComponentRegistrar" />
107-->[com.google.firebase:firebase-installations:17.0.0] AndroidManifest.xml:20:17-82
108        </service>
109        <service
109-->[:firebase_messaging] AndroidManifest.xml:12:9-15:72
110            android:name="io.flutter.plugins.firebase.messaging.FlutterFirebaseMessagingBackgroundService"
110-->[:firebase_messaging] AndroidManifest.xml:13:13-107
111            android:exported="false"
111-->[:firebase_messaging] AndroidManifest.xml:14:13-37
112            android:permission="android.permission.BIND_JOB_SERVICE" />
112-->[:firebase_messaging] AndroidManifest.xml:15:13-69
113        <service
113-->[:firebase_messaging] AndroidManifest.xml:16:9-22:19
114            android:name="io.flutter.plugins.firebase.messaging.FlutterFirebaseMessagingService"
114-->[:firebase_messaging] AndroidManifest.xml:17:13-97
115            android:exported="false" >
115-->[:firebase_messaging] AndroidManifest.xml:18:13-37
116            <intent-filter>
116-->[:firebase_messaging] AndroidManifest.xml:19:13-21:29
117                <action android:name="com.google.firebase.MESSAGING_EVENT" />
117-->[:firebase_messaging] AndroidManifest.xml:20:17-78
117-->[:firebase_messaging] AndroidManifest.xml:20:25-75
118            </intent-filter>
119        </service>
120
121        <receiver
121-->[:firebase_messaging] AndroidManifest.xml:24:9-31:20
122            android:name="io.flutter.plugins.firebase.messaging.FlutterFirebaseMessagingReceiver"
122-->[:firebase_messaging] AndroidManifest.xml:25:13-98
123            android:exported="true"
123-->[:firebase_messaging] AndroidManifest.xml:26:13-36
124            android:permission="com.google.android.c2dm.permission.SEND" >
124-->[:firebase_messaging] AndroidManifest.xml:27:13-73
125            <intent-filter>
125-->[:firebase_messaging] AndroidManifest.xml:28:13-30:29
126                <action android:name="com.google.android.c2dm.intent.RECEIVE" />
126-->[:firebase_messaging] AndroidManifest.xml:29:17-81
126-->[:firebase_messaging] AndroidManifest.xml:29:25-78
127            </intent-filter>
128        </receiver>
129
130        <provider
130-->[:firebase_messaging] AndroidManifest.xml:39:9-43:38
131            android:name="io.flutter.plugins.firebase.messaging.FlutterFirebaseMessagingInitProvider"
131-->[:firebase_messaging] AndroidManifest.xml:40:13-102
132            android:authorities="com.example.flutter_firestore_example.flutterfirebasemessaginginitprovider"
132-->[:firebase_messaging] AndroidManifest.xml:41:13-88
133            android:exported="false"
133-->[:firebase_messaging] AndroidManifest.xml:42:13-37
134            android:initOrder="99" />
134-->[:firebase_messaging] AndroidManifest.xml:43:13-35
135        <provider
135-->[:image_picker] AndroidManifest.xml:8:9-16:20
136            android:name="io.flutter.plugins.imagepicker.ImagePickerFileProvider"
136-->[:image_picker] AndroidManifest.xml:9:13-82
137            android:authorities="com.example.flutter_firestore_example.flutter.image_provider"
137-->[:image_picker] AndroidManifest.xml:10:13-74
138            android:exported="false"
138-->[:image_picker] AndroidManifest.xml:11:13-37
139            android:grantUriPermissions="true" >
139-->[:image_picker] AndroidManifest.xml:12:13-47
140            <meta-data
140-->[:image_picker] AndroidManifest.xml:13:13-15:75
141                android:name="android.support.FILE_PROVIDER_PATHS"
141-->[:image_picker] AndroidManifest.xml:14:17-67
142                android:resource="@xml/flutter_image_picker_file_paths" />
142-->[:image_picker] AndroidManifest.xml:15:17-72
143        </provider>
144
145        <activity
145-->[:flutter_inappwebview] AndroidManifest.xml:14:9-17:47
146            android:name="com.pichillilorenzo.flutter_inappwebview.in_app_browser.InAppBrowserActivity"
146-->[:flutter_inappwebview] AndroidManifest.xml:15:13-104
147            android:configChanges="orientation|keyboardHidden|keyboard|screenSize|locale|layoutDirection|fontScale|screenLayout|density"
147-->[:flutter_inappwebview] AndroidManifest.xml:16:13-137
148            android:theme="@style/AppTheme" />
148-->[:flutter_inappwebview] AndroidManifest.xml:17:13-44
149        <activity
149-->[:flutter_inappwebview] AndroidManifest.xml:18:9-20:55
150            android:name="com.pichillilorenzo.flutter_inappwebview.chrome_custom_tabs.ChromeCustomTabsActivity"
150-->[:flutter_inappwebview] AndroidManifest.xml:19:13-112
151            android:theme="@style/ThemeTransparent" />
151-->[:flutter_inappwebview] AndroidManifest.xml:20:13-52
152
153        <receiver android:name="com.pichillilorenzo.flutter_inappwebview.chrome_custom_tabs.ActionBroadcastReceiver" />
153-->[:flutter_inappwebview] AndroidManifest.xml:22:9-120
153-->[:flutter_inappwebview] AndroidManifest.xml:22:19-117
154
155        <meta-data
155-->[:flutter_inappwebview] AndroidManifest.xml:24:9-26:36
156            android:name="io.flutter.embedded_views_preview"
156-->[:flutter_inappwebview] AndroidManifest.xml:25:13-61
157            android:value="true" />
157-->[:flutter_inappwebview] AndroidManifest.xml:26:13-33
158
159        <receiver
159-->[com.google.firebase:firebase-messaging:22.0.0] AndroidManifest.xml:28:9-35:20
160            android:name="com.google.firebase.iid.FirebaseInstanceIdReceiver"
160-->[com.google.firebase:firebase-messaging:22.0.0] AndroidManifest.xml:29:13-78
161            android:exported="true"
161-->[com.google.firebase:firebase-messaging:22.0.0] AndroidManifest.xml:30:13-36
162            android:permission="com.google.android.c2dm.permission.SEND" >
162-->[com.google.firebase:firebase-messaging:22.0.0] AndroidManifest.xml:31:13-73
163            <intent-filter>
163-->[:firebase_messaging] AndroidManifest.xml:28:13-30:29
164                <action android:name="com.google.android.c2dm.intent.RECEIVE" />
164-->[:firebase_messaging] AndroidManifest.xml:29:17-81
164-->[:firebase_messaging] AndroidManifest.xml:29:25-78
165            </intent-filter>
166        </receiver>
167        <!--
168             FirebaseMessagingService performs security checks at runtime,
169             but set to not exported to explicitly avoid allowing another app to call it.
170        -->
171        <service
171-->[com.google.firebase:firebase-messaging:22.0.0] AndroidManifest.xml:41:9-48:19
172            android:name="com.google.firebase.messaging.FirebaseMessagingService"
172-->[com.google.firebase:firebase-messaging:22.0.0] AndroidManifest.xml:42:13-82
173            android:directBootAware="true"
173-->[com.google.firebase:firebase-messaging:22.0.0] AndroidManifest.xml:43:13-43
174            android:exported="false" >
174-->[com.google.firebase:firebase-messaging:22.0.0] AndroidManifest.xml:44:13-37
175            <intent-filter android:priority="-500" >
175-->[:firebase_messaging] AndroidManifest.xml:19:13-21:29
176                <action android:name="com.google.firebase.MESSAGING_EVENT" />
176-->[:firebase_messaging] AndroidManifest.xml:20:17-78
176-->[:firebase_messaging] AndroidManifest.xml:20:25-75
177            </intent-filter>
178        </service>
179
180        <provider
180-->[com.google.firebase:firebase-common:20.0.0] AndroidManifest.xml:26:9-31:39
181            android:name="com.google.firebase.provider.FirebaseInitProvider"
181-->[com.google.firebase:firebase-common:20.0.0] AndroidManifest.xml:27:13-77
182            android:authorities="com.example.flutter_firestore_example.firebaseinitprovider"
182-->[com.google.firebase:firebase-common:20.0.0] AndroidManifest.xml:28:13-72
183            android:directBootAware="true"
183-->[com.google.firebase:firebase-common:20.0.0] AndroidManifest.xml:29:13-43
184            android:exported="false"
184-->[com.google.firebase:firebase-common:20.0.0] AndroidManifest.xml:30:13-37
185            android:initOrder="100" /> <!-- Needs to be explicitly declared on P+ -->
185-->[com.google.firebase:firebase-common:20.0.0] AndroidManifest.xml:31:13-36
186        <uses-library
186-->[com.google.android.gms:play-services-maps:17.0.0] AndroidManifest.xml:33:9-35:40
187            android:name="org.apache.http.legacy"
187-->[com.google.android.gms:play-services-maps:17.0.0] AndroidManifest.xml:34:13-50
188            android:required="false" />
188-->[com.google.android.gms:play-services-maps:17.0.0] AndroidManifest.xml:35:13-37
189
190        <activity
190-->[com.google.android.gms:play-services-base:17.0.0] AndroidManifest.xml:23:9-26:75
191            android:name="com.google.android.gms.common.api.GoogleApiActivity"
191-->[com.google.android.gms:play-services-base:17.0.0] AndroidManifest.xml:24:13-79
192            android:exported="false"
192-->[com.google.android.gms:play-services-base:17.0.0] AndroidManifest.xml:25:13-37
193            android:theme="@android:style/Theme.Translucent.NoTitleBar" />
193-->[com.google.android.gms:play-services-base:17.0.0] AndroidManifest.xml:26:13-72
194
195        <meta-data
195-->[com.google.android.gms:play-services-basement:17.0.0] AndroidManifest.xml:23:9-25:69
196            android:name="com.google.android.gms.version"
196-->[com.google.android.gms:play-services-basement:17.0.0] AndroidManifest.xml:24:13-58
197            android:value="@integer/google_play_services_version" />
197-->[com.google.android.gms:play-services-basement:17.0.0] AndroidManifest.xml:25:13-66
198
199        <service
199-->[com.google.android.datatransport:transport-backend-cct:3.0.0] AndroidManifest.xml:29:9-35:19
200            android:name="com.google.android.datatransport.runtime.backends.TransportBackendDiscovery"
200-->[com.google.android.datatransport:transport-backend-cct:3.0.0] AndroidManifest.xml:30:13-103
201            android:exported="false" >
201-->[com.google.android.datatransport:transport-backend-cct:3.0.0] AndroidManifest.xml:31:13-37
202            <meta-data
202-->[com.google.android.datatransport:transport-backend-cct:3.0.0] AndroidManifest.xml:32:13-34:39
203                android:name="backend:com.google.android.datatransport.cct.CctBackendFactory"
203-->[com.google.android.datatransport:transport-backend-cct:3.0.0] AndroidManifest.xml:33:17-94
204                android:value="cct" />
204-->[com.google.android.datatransport:transport-backend-cct:3.0.0] AndroidManifest.xml:34:17-36
205        </service>
206        <service
206-->[com.google.android.datatransport:transport-runtime:3.0.0] AndroidManifest.xml:26:9-30:19
207            android:name="com.google.android.datatransport.runtime.scheduling.jobscheduling.JobInfoSchedulerService"
207-->[com.google.android.datatransport:transport-runtime:3.0.0] AndroidManifest.xml:27:13-117
208            android:exported="false"
208-->[com.google.android.datatransport:transport-runtime:3.0.0] AndroidManifest.xml:28:13-37
209            android:permission="android.permission.BIND_JOB_SERVICE" >
209-->[com.google.android.datatransport:transport-runtime:3.0.0] AndroidManifest.xml:29:13-69
210        </service>
211
212        <receiver
212-->[com.google.android.datatransport:transport-runtime:3.0.0] AndroidManifest.xml:32:9-34:40
213            android:name="com.google.android.datatransport.runtime.scheduling.jobscheduling.AlarmManagerSchedulerBroadcastReceiver"
213-->[com.google.android.datatransport:transport-runtime:3.0.0] AndroidManifest.xml:33:13-132
214            android:exported="false" />
214-->[com.google.android.datatransport:transport-runtime:3.0.0] AndroidManifest.xml:34:13-37
215    </application>
216
217</manifest>